IMLib/build/outputs/logs/manifest-merger-debug-report.txt
-- Merging decision tree log ---
manifest
ADDED from HM-MessageCenter/IMLib/AndroidManifest.xml:1:1-66:12
INJECTED from HM-MessageCenter/IMLib/AndroidManifest.xml:1:1-66:12
INJECTED from HM-MessageCenter/IMLib/AndroidManifest.xml:1:1-66:12
INJECTED from HM-MessageCenter/IMLib/AndroidManifest.xml:1:1-66:12
INJECTED from HM-MessageCenter/IMLib/AndroidManifest.xml:1:1-66:12
INJECTED from HM-MessageCenter/IMLib/AndroidManifest.xml:1:1-66:12
INJECTED from HM-MessageCenter/IMLib/AndroidManifest.xml:1:1-66:12
	package
		ADDED from HM-MessageCenter/IMLib/AndroidManifest.xml:2:5-28
		INJECTED from HM-MessageCenter/IMLib/AndroidManifest.xml
		INJECTED from HM-MessageCenter/IMLib/AndroidManifest.xml
	android:versionName
		INJECTED from HM-MessageCenter/IMLib/AndroidManifest.xml
		ADDED from HM-MessageCenter/IMLib/AndroidManifest.xml:1:1-66:12
		INJECTED from HM-MessageCenter/IMLib/AndroidManifest.xml
	android:versionCode
		INJECTED from HM-MessageCenter/IMLib/AndroidManifest.xml
		ADDED from HM-MessageCenter/IMLib/AndroidManifest.xml:1:1-66:12
		INJECTED from HM-MessageCenter/IMLib/AndroidManifest.xml
	xmlns:android
		ADDED from HM-MessageCenter/IMLib/AndroidManifest.xml:1:11-69
uses-permission#android.permission.WRITE_EXTERNAL_STORAGE
ADDED from HM-MessageCenter/IMLib/AndroidManifest.xml:5:5-81
	android:name
		ADDED from HM-MessageCenter/IMLib/AndroidManifest.xml:5:22-78
uses-permission#android.permission.INTERNET
ADDED from HM-MessageCenter/IMLib/AndroidManifest.xml:7:5-67
	android:name
		ADDED from HM-MessageCenter/IMLib/AndroidManifest.xml:7:22-64
uses-permission#android.permission.ACCESS_NETWORK_STATE
ADDED from HM-MessageCenter/IMLib/AndroidManifest.xml:8:5-79
	android:name
		ADDED from HM-MessageCenter/IMLib/AndroidManifest.xml:8:22-76
uses-permission#android.permission.ACCESS_WIFI_STATE
ADDED from HM-MessageCenter/IMLib/AndroidManifest.xml:9:5-76
	android:name
		ADDED from HM-MessageCenter/IMLib/AndroidManifest.xml:9:22-73
uses-permission#android.permission.WAKE_LOCK
ADDED from HM-MessageCenter/IMLib/AndroidManifest.xml:11:5-68
	android:name
		ADDED from HM-MessageCenter/IMLib/AndroidManifest.xml:11:22-65
uses-permission#android.permission.ACCESS_FINE_LOCATION
ADDED from HM-MessageCenter/IMLib/AndroidManifest.xml:13:5-79
	android:name
		ADDED from HM-MessageCenter/IMLib/AndroidManifest.xml:13:22-76
application
ADDED from HM-MessageCenter/IMLib/AndroidManifest.xml:15:5-64:19
meta-data#RONG_CLOUD_APP_KEY
ADDED from HM-MessageCenter/IMLib/AndroidManifest.xml:18:9-20:38
	android:value
		ADDED from HM-MessageCenter/IMLib/AndroidManifest.xml:20:13-35
	android:name
		ADDED from HM-MessageCenter/IMLib/AndroidManifest.xml:19:13-46
service#io.rong.imlib.ipc.RongService
ADDED from HM-MessageCenter/IMLib/AndroidManifest.xml:22:9-25:38
	android:process
		ADDED from HM-MessageCenter/IMLib/AndroidManifest.xml:25:13-35
	android:exported
		ADDED from HM-MessageCenter/IMLib/AndroidManifest.xml:24:13-36
	android:name
		ADDED from HM-MessageCenter/IMLib/AndroidManifest.xml:23:13-57
receiver#io.rong.imlib.ConnectChangeReceiver
ADDED from HM-MessageCenter/IMLib/AndroidManifest.xml:27:9-29:39
	android:exported
		ADDED from HM-MessageCenter/IMLib/AndroidManifest.xml:29:13-36
	android:name
		ADDED from HM-MessageCenter/IMLib/AndroidManifest.xml:28:13-63
receiver#io.rong.imlib.HeartbeatReceiver
ADDED from HM-MessageCenter/IMLib/AndroidManifest.xml:31:9-33:38
	android:process
		ADDED from HM-MessageCenter/IMLib/AndroidManifest.xml:33:13-35
	android:name
		ADDED from HM-MessageCenter/IMLib/AndroidManifest.xml:32:13-59
service#io.rong.push.rongpush.PushService
ADDED from HM-MessageCenter/IMLib/AndroidManifest.xml:37:9-41:46
	android:process
		ADDED from HM-MessageCenter/IMLib/AndroidManifest.xml:41:13-43
	android:exported
		ADDED from HM-MessageCenter/IMLib/AndroidManifest.xml:39:13-36
	android:permission
		ADDED from HM-MessageCenter/IMLib/AndroidManifest.xml:40:13-69
	android:name
		ADDED from HM-MessageCenter/IMLib/AndroidManifest.xml:38:13-61
receiver#io.rong.push.rongpush.PushReceiver
ADDED from HM-MessageCenter/IMLib/AndroidManifest.xml:44:9-59:20
	android:process
		ADDED from HM-MessageCenter/IMLib/AndroidManifest.xml:46:13-43
	android:name
		ADDED from HM-MessageCenter/IMLib/AndroidManifest.xml:45:13-62
intent-filter#android.net.conn.CONNECTIVITY_CHANGE+io.rong.push.intent.action.HEART_BEAT
ADDED from HM-MessageCenter/IMLib/AndroidManifest.xml:48:13-51:29
action#io.rong.push.intent.action.HEART_BEAT
ADDED from HM-MessageCenter/IMLib/AndroidManifest.xml:49:17-80
	android:name
		ADDED from HM-MessageCenter/IMLib/AndroidManifest.xml:49:25-77
action#android.net.conn.CONNECTIVITY_CHANGE
ADDED from HM-MessageCenter/IMLib/AndroidManifest.xml:50:17-79
	android:name
		ADDED from HM-MessageCenter/IMLib/AndroidManifest.xml:50:25-76
intent-filter#android.intent.action.ACTION_POWER_CONNECTED+android.intent.action.ACTION_POWER_DISCONNECTED+android.intent.action.USER_PRESENT
ADDED from HM-MessageCenter/IMLib/AndroidManifest.xml:54:13-58:29
action#android.intent.action.USER_PRESENT
ADDED from HM-MessageCenter/IMLib/AndroidManifest.xml:55:17-77
	android:name
		ADDED from HM-MessageCenter/IMLib/AndroidManifest.xml:55:25-74
action#android.intent.action.ACTION_POWER_CONNECTED
ADDED from HM-MessageCenter/IMLib/AndroidManifest.xml:56:17-87
	android:name
		ADDED from HM-MessageCenter/IMLib/AndroidManifest.xml:56:25-84
action#android.intent.action.ACTION_POWER_DISCONNECTED
ADDED from HM-MessageCenter/IMLib/AndroidManifest.xml:57:17-90
	android:name
		ADDED from HM-MessageCenter/IMLib/AndroidManifest.xml:57:25-87
uses-sdk
INJECTED from HM-MessageCenter/IMLib/AndroidManifest.xml reason: use-sdk injection requested
INJECTED from HM-MessageCenter/IMLib/AndroidManifest.xml
INJECTED from HM-MessageCenter/IMLib/AndroidManifest.xml
INJECTED from HM-MessageCenter/IMLib/AndroidManifest.xml
INJECTED from HM-MessageCenter/IMLib/AndroidManifest.xml
	android:targetSdkVersion
		INJECTED from HM-MessageCenter/IMLib/AndroidManifest.xml
		ADDED from HM-MessageCenter/IMLib/AndroidManifest.xml
		INJECTED from HM-MessageCenter/IMLib/AndroidManifest.xml
	android:minSdkVersion
		INJECTED from HM-MessageCenter/IMLib/AndroidManifest.xml
		ADDED from HM-MessageCenter/IMLib/AndroidManifest.xml
		INJECTED from HM-MessageCenter/IMLib/AndroidManifest.xml